<?xml version="1.0" encoding="UTF-8"?>
<!-- Generated by org.testng.reporters.JUnitXMLReporter -->
<testsuite ignored="3" hostname="SCI-BD-L17-3291" failures="0" tests="1" name="Default test" time="117.108" errors="0" timestamp="2022-06-27T20:00:53 BDT">
  <testcase classname="pinoyParent.testCases.Profile_TestCase" name="profileInfo" time="80.862"/>
  <testcase classname="pinoyParent.testCases.Profile_TestCase" name="profileInfoEdit" time="0.0">
    <ignored/>
  </testcase> <!-- profileInfoEdit -->
  <testcase classname="pinoyParent.testCases.Profile_TestCase" name="profileView" time="0.0">
    <ignored/>
  </testcase> <!-- profileView -->
  <testcase classname="pinoyParent.testCases.Profile_TestCase" name="emptyChildInfo" time="0.0">
    <ignored/>
  </testcase> <!-- emptyChildInfo -->
</testsuite> <!-- Default test -->
