<?xml version="1.0" encoding="UTF-8"?>
<!-- Generated by org.testng.reporters.JUnitXMLReporter -->
<testsuite ignored="0" hostname="SCI-BD-L17-3291" failures="2" tests="8" name="Articles" time="455.88" errors="0" timestamp="2022-06-26T12:42:57 BDT">
  <testcase classname="pinoyParent.testCases.Articles_TestCase" name="articles" time="29.235"/>
  <testcase classname="pinoyParent.testCases.Articles_TestCase" name="reactOnarticles" time="55.666"/>
  <testcase classname="pinoyParent.testCases.Articles_TestCase" name="saveArticles" time="43.169"/>
  <testcase classname="pinoyParent.testCases.Articles_TestCase" name="shareArticles" time="43.299"/>
  <testcase classname="pinoyParent.testCases.Articles_TestCase" name="downloadArticles" time="48.118"/>
  <testcase classname="pinoyParent.testCases.Articles_TestCase" name="extinsiveArticles" time="44.893"/>
  <testcase classname="pinoyParent.testCases.Articles_TestCase" name="savedArticles" time="35.797">
    <failure type="java.lang.AssertionError" message="No Content found ! expected [true] but found [false]">
      <![CDATA[java.lang.AssertionError: No Content found ! expected [true] but found [false]
at pinoyParent.functionalities.Articles.savedArticles(Articles.java:199)
at pinoyParent.testCases.Articles_TestCase.savedArticles(Articles_TestCase.java:61)
at java.base/java.util.ArrayList.forEach(ArrayList.java:1511)
... Removed 30 stack frames]]>
    </failure>
  </testcase> <!-- savedArticles -->
  <testcase classname="pinoyParent.testCases.Articles_TestCase" name="downloadedArticles" time="31.406">
    <failure type="java.lang.AssertionError" message="No Content found ! expected [true] but found [false]">
      <![CDATA[java.lang.AssertionError: No Content found ! expected [true] but found [false]
at pinoyParent.functionalities.Articles.downloadedArticles(Articles.java:230)
at pinoyParent.testCases.Articles_TestCase.downloadedArticles(Articles_TestCase.java:68)
at java.base/java.util.ArrayList.forEach(ArrayList.java:1511)
... Removed 30 stack frames]]>
    </failure>
  </testcase> <!-- downloadedArticles -->
</testsuite> <!-- Articles -->
