<?xml version="1.0" encoding="UTF-8"?>
<!-- Generated by org.testng.reporters.JUnitXMLReporter -->
<testsuite ignored="0" hostname="SCI-BD-L17-3291" failures="1" tests="8" name="Community" time="480.347" errors="0" timestamp="2022-06-27T17:30:04 BDT">
  <testcase classname="pinoyParent.testCases.Community_TestCase" name="communityNewPostCreation" time="65.087"/>
  <testcase classname="pinoyParent.testCases.Community_TestCase" name="communityNewPostLikeUnlike" time="38.874"/>
  <testcase classname="pinoyParent.testCases.Community_TestCase" name="communityNewPostComment" time="56.273">
    <failure type="java.lang.AssertionError" message="Commment number not updated!. --  expected [true] but found [false]">
      <![CDATA[java.lang.AssertionError: Commment number not updated!. --  expected [true] but found [false]
at pinoyParent.functionalities.Community.commentOnPost(Community.java:273)
at pinoyParent.testCases.Community_TestCase.communityNewPostComment(Community_TestCase.java:27)
at java.base/java.util.ArrayList.forEach(ArrayList.java:1511)
... Removed 30 stack frames]]>
    </failure>
  </testcase> <!-- communityNewPostComment -->
  <testcase classname="pinoyParent.testCases.Community_TestCase" name="communityNewPostShare" time="40.304"/>
  <testcase classname="pinoyParent.testCases.Community_TestCase" name="communityNewPostReport" time="39.906"/>
  <testcase classname="pinoyParent.testCases.Community_TestCase" name="communityList" time="39.483"/>
  <testcase classname="pinoyParent.testCases.Community_TestCase" name="communityJoined" time="41.977"/>
  <testcase classname="pinoyParent.testCases.Community_TestCase" name="Newcommunity" time="54.161"/>
</testsuite> <!-- Community -->
