<?xml version="1.0" encoding="UTF-8"?>
<!-- Generated by org.testng.reporters.JUnitXMLReporter -->
<testsuite ignored="0" hostname="SCI-BD-L17-3291" failures="0" tests="4" name="Login" time="225.353" errors="0" timestamp="2022-06-28T23:34:12 BDT">
  <testcase classname="pinoyParent.testCases.Login_TestCase" name="loginTest" time="33.328"/>
  <testcase classname="pinoyParent.testCases.Login_TestCase" name="invalidUser" time="30.519"/>
  <testcase classname="pinoyParent.testCases.Login_TestCase" name="invalidPass" time="30.1"/>
  <testcase classname="pinoyParent.testCases.Login_TestCase" name="loginWithEmptyFields" time="29.719"/>
</testsuite> <!-- Login -->
