<?xml version="1.0" encoding="UTF-8"?>
<!-- Generated by org.testng.reporters.JUnitXMLReporter -->
<testsuite ignored="0" hostname="SCI-BD-L17-3291" failures="0" tests="13" name="Menu" time="643.24" errors="0" timestamp="2022-06-26T13:03:27 BDT">
  <testcase classname="pinoyParent.testCases.Menu_TestCase" name="shortCourseMenu" time="34.946"/>
  <testcase classname="pinoyParent.testCases.Menu_TestCase" name="articleBlogsMenu" time="33.063"/>
  <testcase classname="pinoyParent.testCases.Menu_TestCase" name="videoContentMenu" time="33.012"/>
  <testcase classname="pinoyParent.testCases.Menu_TestCase" name="communityMenu" time="32.713"/>
  <testcase classname="pinoyParent.testCases.Menu_TestCase" name="storeMenu" time="56.524"/>
  <testcase classname="pinoyParent.testCases.Menu_TestCase" name="subscriptionMenu" time="35.796"/>
  <testcase classname="pinoyParent.testCases.Menu_TestCase" name="rewardMenu" time="35.343"/>
  <testcase classname="pinoyParent.testCases.Menu_TestCase" name="helpLineMenu" time="35.308"/>
  <testcase classname="pinoyParent.testCases.Menu_TestCase" name="aboutUsMenu" time="35.961"/>
  <testcase classname="pinoyParent.testCases.Menu_TestCase" name="settingsMenu" time="36.912"/>
  <testcase classname="pinoyParent.testCases.Menu_TestCase" name="termsConditionMenu" time="35.354"/>
  <testcase classname="pinoyParent.testCases.Menu_TestCase" name="privacyPolicyMenu" time="36.231"/>
  <testcase classname="pinoyParent.testCases.Menu_TestCase" name="logoutMenu" time="38.399"/>
</testsuite> <!-- Menu -->
