<?xml version="1.0" encoding="UTF-8"?>
<!-- Generated by org.testng.reporters.JUnitXMLReporter -->
<testsuite ignored="0" hostname="SCI-BD-L17-3291" failures="1" tests="9" name="Short Course" time="522.419" errors="0" timestamp="2022-06-26T13:25:09 BDT">
  <testcase classname="pinoyParent.testCases.ShortCourse_TestCase" name="shortCourseDetailPage" time="35.454"/>
  <testcase classname="pinoyParent.testCases.ShortCourse_TestCase" name="courceReact" time="43.32"/>
  <testcase classname="pinoyParent.testCases.ShortCourse_TestCase" name="courceSave" time="43.042"/>
  <testcase classname="pinoyParent.testCases.ShortCourse_TestCase" name="courceShare" time="41.514"/>
  <testcase classname="pinoyParent.testCases.ShortCourse_TestCase" name="courceDownload" time="41.081"/>
  <testcase classname="pinoyParent.testCases.ShortCourse_TestCase" name="courceEnrolled" time="45.678"/>
  <testcase classname="pinoyParent.testCases.ShortCourse_TestCase" name="playVideo" time="47.182"/>
  <testcase classname="pinoyParent.testCases.ShortCourse_TestCase" name="savedCourseList" time="46.866"/>
  <testcase classname="pinoyParent.testCases.ShortCourse_TestCase" name="downloadedCourseList" time="51.871">
    <failure type="java.lang.AssertionError" message="No Content found ! expected [true] but found [false]">
      <![CDATA[java.lang.AssertionError: No Content found ! expected [true] but found [false]
at pinoyParent.functionalities.ShortCourse.downloadedCourses(ShortCourse.java:257)
at pinoyParent.testCases.ShortCourse_TestCase.downloadedCourseList(ShortCourse_TestCase.java:65)
at java.base/java.util.ArrayList.forEach(ArrayList.java:1511)
... Removed 30 stack frames]]>
    </failure>
  </testcase> <!-- downloadedCourseList -->
</testsuite> <!-- Short Course -->
