<?xml version="1.0" encoding="UTF-8"?>
<!-- Generated by org.testng.reporters.JUnitXMLReporter -->
<testsuite ignored="0" hostname="SCI-BD-L17-3291" failures="1" tests="1" name="Test" time="48.284" errors="0" timestamp="2022-06-20T15:15:29 BDT">
  <testcase classname="pinoyParent.testCases.Login_TestCase" name="loginTest" time="19.764">
    <failure type="java.lang.AssertionError" message="expected [true] but found [false]">
      <![CDATA[java.lang.AssertionError: expected [true] but found [false]
at pinoyParent.functionalities.Login.login(Login.java:37)
at pinoyParent.testCases.Login_TestCase.loginTest(Login_TestCase.java:16)
at java.base/java.util.ArrayList.forEach(ArrayList.java:1511)
... Removed 31 stack frames]]>
    </failure>
  </testcase> <!-- loginTest -->
</testsuite> <!-- Test -->
