<?xml version="1.0" encoding="UTF-8"?>
<!-- Generated by org.testng.reporters.JUnitXMLReporter -->
<testsuite ignored="0" hostname="SCI-BD-L17-3291" failures="2" tests="10" name="Video" time="621.899" errors="0" timestamp="2022-06-26T14:03:02 BDT">
  <testcase classname="pinoyParent.testCases.Video_TestCase" name="videoReact" time="47.448"/>
  <testcase classname="pinoyParent.testCases.Video_TestCase" name="videoSave" time="47.26"/>
  <testcase classname="pinoyParent.testCases.Video_TestCase" name="videoShare" time="43.797"/>
  <testcase classname="pinoyParent.testCases.Video_TestCase" name="videoDownload" time="62.349"/>
  <testcase classname="pinoyParent.testCases.Video_TestCase" name="videoEnrolled" time="44.591"/>
  <testcase classname="pinoyParent.testCases.Video_TestCase" name="playVideo" time="41.429"/>
  <testcase classname="pinoyParent.testCases.Video_TestCase" name="webinar" time="37.886"/>
  <testcase classname="pinoyParent.testCases.Video_TestCase" name="savedVideoList" time="40.329">
    <failure type="java.lang.AssertionError" message="No Content found ! expected [true] but found [false]">
      <![CDATA[java.lang.AssertionError: No Content found ! expected [true] but found [false]
at pinoyParent.functionalities.Video.savedVideo(Video.java:251)
at pinoyParent.testCases.Video_TestCase.savedVideoList(Video_TestCase.java:62)
at java.base/java.util.ArrayList.forEach(ArrayList.java:1511)
... Removed 30 stack frames]]>
    </failure>
  </testcase> <!-- savedVideoList -->
  <testcase classname="pinoyParent.testCases.Video_TestCase" name="downloadedVideoList" time="35.962">
    <failure type="java.lang.AssertionError" message="No Content found ! expected [true] but found [false]">
      <![CDATA[java.lang.AssertionError: No Content found ! expected [true] but found [false]
at pinoyParent.functionalities.Video.downloadedVideo(Video.java:279)
at pinoyParent.testCases.Video_TestCase.downloadedVideoList(Video_TestCase.java:68)
at java.base/java.util.ArrayList.forEach(ArrayList.java:1511)
... Removed 30 stack frames]]>
    </failure>
  </testcase> <!-- downloadedVideoList -->
  <testcase classname="pinoyParent.testCases.Video_TestCase" name="Webinars" time="44.594"/>
</testsuite> <!-- Video -->
