<?xml version="1.0" encoding="UTF-8"?>
<testng-results ignored="0" total="4" passed="4" failed="0" skipped="0">
  <reporter-output>
  </reporter-output>
  <suite started-at="2022-06-28T23:30:27 BDT" name="Suite" finished-at="2022-06-28T23:34:12 BDT" duration-ms="225353">
    <groups>
    </groups>
    <test started-at="2022-06-28T23:30:27 BDT" name="Login" finished-at="2022-06-28T23:34:12 BDT" duration-ms="225353">
      <class name="pinoyParent.testCases.Login_TestCase">
        <test-method is-config="true" signature="setup()[pri:0, instance:pinoyParent.testCases.Login_TestCase@43195e57]" started-at="2022-06-28T23:30:28 BDT" name="setup" finished-at="2022-06-28T23:31:18 BDT" duration-ms="50151" status="PASS">
          <reporter-output>
          </reporter-output>
        </test-method> <!-- setup -->
        <test-method is-config="true" signature="resetApp()[pri:0, instance:pinoyParent.testCases.Login_TestCase@43195e57]" started-at="2022-06-28T23:31:18 BDT" name="resetApp" finished-at="2022-06-28T23:31:32 BDT" duration-ms="13983" status="PASS">
          <reporter-output>
          </reporter-output>
        </test-method> <!-- resetApp -->
        <test-method signature="loginTest()[pri:1, instance:pinoyParent.testCases.Login_TestCase@43195e57]" started-at="2022-06-28T23:31:32 BDT" name="loginTest" finished-at="2022-06-28T23:32:05 BDT" duration-ms="33328" status="PASS">
          <reporter-output>
          </reporter-output>
        </test-method> <!-- loginTest -->
        <test-method is-config="true" signature="resetApp()[pri:0, instance:pinoyParent.testCases.Login_TestCase@43195e57]" started-at="2022-06-28T23:32:05 BDT" name="resetApp" finished-at="2022-06-28T23:32:18 BDT" duration-ms="13160" status="PASS">
          <reporter-output>
          </reporter-output>
        </test-method> <!-- resetApp -->
        <test-method signature="invalidUser()[pri:2, instance:pinoyParent.testCases.Login_TestCase@43195e57]" started-at="2022-06-28T23:32:18 BDT" name="invalidUser" finished-at="2022-06-28T23:32:49 BDT" duration-ms="30519" status="PASS">
          <reporter-output>
          </reporter-output>
        </test-method> <!-- invalidUser -->
        <test-method is-config="true" signature="resetApp()[pri:0, instance:pinoyParent.testCases.Login_TestCase@43195e57]" started-at="2022-06-28T23:32:49 BDT" name="resetApp" finished-at="2022-06-28T23:32:59 BDT" duration-ms="10617" status="PASS">
          <reporter-output>
          </reporter-output>
        </test-method> <!-- resetApp -->
        <test-method signature="invalidPass()[pri:3, instance:pinoyParent.testCases.Login_TestCase@43195e57]" started-at="2022-06-28T23:32:59 BDT" name="invalidPass" finished-at="2022-06-28T23:33:30 BDT" duration-ms="30100" status="PASS">
          <reporter-output>
          </reporter-output>
        </test-method> <!-- invalidPass -->
        <test-method is-config="true" signature="resetApp()[pri:0, instance:pinoyParent.testCases.Login_TestCase@43195e57]" started-at="2022-06-28T23:33:30 BDT" name="resetApp" finished-at="2022-06-28T23:33:40 BDT" duration-ms="10372" status="PASS">
          <reporter-output>
          </reporter-output>
        </test-method> <!-- resetApp -->
        <test-method signature="loginWithEmptyFields()[pri:4, instance:pinoyParent.testCases.Login_TestCase@43195e57]" started-at="2022-06-28T23:33:40 BDT" name="loginWithEmptyFields" finished-at="2022-06-28T23:34:10 BDT" duration-ms="29719" status="PASS">
          <reporter-output>
          </reporter-output>
        </test-method> <!-- loginWithEmptyFields -->
        <test-method is-config="true" signature="tearDown()[pri:0, instance:pinoyParent.testCases.Login_TestCase@43195e57]" started-at="2022-06-28T23:34:10 BDT" name="tearDown" finished-at="2022-06-28T23:34:12 BDT" duration-ms="2616" status="PASS">
          <reporter-output>
          </reporter-output>
        </test-method> <!-- tearDown -->
      </class> <!-- pinoyParent.testCases.Login_TestCase -->
    </test> <!-- Login -->
  </suite> <!-- Suite -->
</testng-results>
